0 verbose cli /usr/bin/node /usr/bin/npm
1 info using npm@9.2.0
2 info using node@v18.20.4
3 timing npm:load:whichnode Completed in 0ms
4 timing config:load:defaults Completed in 3ms
5 timing config:load:file:/usr/share/nodejs/npm/npmrc Completed in 4ms
6 timing config:load:builtin Completed in 4ms
7 timing config:load:cli Completed in 3ms
8 timing config:load:env Completed in 0ms
9 timing config:load:file:/home/harshgotu2004/signoz/opentelemetry-demo/angular/.npmrc Completed in 0ms
10 timing config:load:project Completed in 6ms
11 timing config:load:file:/home/harshgotu2004/.npmrc Completed in 0ms
12 timing config:load:user Completed in 1ms
13 timing config:load:file:/etc/npmrc Completed in 0ms
14 timing config:load:global Completed in 1ms
15 timing config:load:setEnvs Completed in 1ms
16 timing config:load Completed in 20ms
17 timing npm:load:configload Completed in 20ms
18 timing npm:load:mkdirpcache Completed in 1ms
19 timing npm:load:mkdirplogs Completed in 0ms
20 verbose title npm install
21 verbose argv "install"
22 timing npm:load:setTitle Completed in 2ms
23 timing config:load:flatten Completed in 5ms
24 timing npm:load:display Completed in 6ms
25 verbose logfile logs-max:10 dir:/home/harshgotu2004/.npm/_logs/2025-12-09T09_30_30_815Z-
26 verbose logfile /home/harshgotu2004/.npm/_logs/2025-12-09T09_30_30_815Z-debug-0.log
27 timing npm:load:logFile Completed in 7ms
28 timing npm:load:timers Completed in 1ms
29 timing npm:load:configScope Completed in 0ms
30 timing npm:load Completed in 40ms
31 silly logfile done cleaning log files
32 timing config:load:flatten Completed in 1ms
33 timing arborist:ctor Completed in 2ms
34 timing arborist:ctor Completed in 0ms
35 timing idealTree:init Completed in 28ms
36 timing idealTree:userRequests Completed in 0ms
37 silly idealTree buildDeps
38 silly fetch manifest @angular/animations@~16.2.0
39 http fetch GET 200 https://registry.npmjs.org/@angular%2fanimations 247ms (cache miss)
40 silly fetch manifest @angular/core@~16.2.0
41 http fetch GET 200 https://registry.npmjs.org/@angular%2fcore 209ms (cache miss)
42 silly fetch manifest rxjs@~7.8.0
43 http fetch GET 200 https://registry.npmjs.org/rxjs 77ms (cache miss)
44 silly fetch manifest zone.js@~0.13.0
45 http fetch GET 200 https://registry.npmjs.org/zone.js 72ms (cache miss)
46 silly fetch manifest @angular/common@~16.2.0
47 http fetch GET 200 https://registry.npmjs.org/@angular%2fcommon 95ms (cache miss)
48 silly fetch manifest @angular/compiler@~16.2.0
49 http fetch GET 200 https://registry.npmjs.org/@angular%2fcompiler 101ms (cache miss)
50 silly fetch manifest @angular/forms@~16.2.0
51 http fetch GET 200 https://registry.npmjs.org/@angular%2fforms 170ms (cache miss)
52 silly fetch manifest @angular/platform-browser@~16.2.0
53 http fetch GET 200 https://registry.npmjs.org/@angular%2fplatform-browser 106ms (cache miss)
54 silly fetch manifest @angular/platform-browser-dynamic@~16.2.0
55 http fetch GET 200 https://registry.npmjs.org/@angular%2fplatform-browser-dynamic 79ms (cache miss)
56 silly fetch manifest @angular/router@~16.2.0
57 http fetch GET 200 https://registry.npmjs.org/@angular%2frouter 101ms (cache miss)
58 silly fetch manifest tslib@^2.5.0
59 http fetch GET 200 https://registry.npmjs.org/tslib 61ms (cache miss)
60 silly fetch manifest @opentelemetry/api@1.4.1
61 http fetch GET 200 https://registry.npmjs.org/@opentelemetry%2fapi 73ms (cache miss)
62 silly fetch manifest @opentelemetry/sdk-trace-web@1.9.0
63 http fetch GET 200 https://registry.npmjs.org/@opentelemetry%2fsdk-trace-web 371ms (cache miss)
64 silly fetch manifest @opentelemetry/sdk-trace-base@1.9.0
65 http fetch GET 200 https://registry.npmjs.org/@opentelemetry%2fsdk-trace-base 65ms (cache miss)
66 silly fetch manifest @opentelemetry/instrumentation@0.43.0
67 http fetch GET 200 https://registry.npmjs.org/@opentelemetry%2finstrumentation 57ms (cache miss)
68 silly fetch manifest @opentelemetry/instrumentation-document-load@0.43.0
69 http fetch GET 200 https://registry.npmjs.org/@opentelemetry%2finstrumentation-document-load 391ms (cache miss)
70 silly fetch manifest @opentelemetry/instrumentation-user-interaction@0.43.0
71 http fetch GET 200 https://registry.npmjs.org/@opentelemetry%2finstrumentation-user-interaction 1702ms (cache miss)
72 silly fetch manifest @opentelemetry/exporter-trace-otlp-http@0.43.0
73 http fetch GET 200 https://registry.npmjs.org/@opentelemetry%2fexporter-trace-otlp-http 57ms (cache miss)
74 silly fetch manifest @opentelemetry/context-zone-peer-dep@1.9.0
75 http fetch GET 200 https://registry.npmjs.org/@opentelemetry%2fcontext-zone-peer-dep 1657ms (cache miss)
76 silly fetch manifest zone.js@^0.10.2 || ^0.11.0
77 timing idealTree Completed in 6214ms
78 timing command:install Completed in 6226ms
79 verbose stack Error: unable to resolve dependency tree
79 verbose stack     at [failPeerConflict] (/usr/share/nodejs/@npmcli/arborist/lib/arborist/build-ideal-tree.js:1378:25)
79 verbose stack     at [loadPeerSet] (/usr/share/nodejs/@npmcli/arborist/lib/arborist/build-ideal-tree.js:1344:34)
79 verbose stack     at async [buildDepStep] (/usr/share/nodejs/@npmcli/arborist/lib/arborist/build-ideal-tree.js:928:11)
79 verbose stack     at async Arborist.buildIdealTree (/usr/share/nodejs/@npmcli/arborist/lib/arborist/build-ideal-tree.js:206:7)
79 verbose stack     at async Promise.all (index 1)
79 verbose stack     at async Arborist.reify (/usr/share/nodejs/@npmcli/arborist/lib/arborist/reify.js:156:5)
79 verbose stack     at async Install.exec (/usr/share/nodejs/npm/lib/commands/install.js:146:5)
79 verbose stack     at async module.exports (/usr/share/nodejs/npm/lib/cli.js:133:5)
80 verbose cwd /home/harshgotu2004/signoz/opentelemetry-demo/angular
81 verbose Linux 6.1.0-41-cloud-amd64
82 verbose node v18.20.4
83 verbose npm  v9.2.0
84 error code ERESOLVE
85 error ERESOLVE unable to resolve dependency tree
86 error
87 error While resolving: [1mangular-demo[22m@[1m1.0.0[22m
87 error Found: [1mzone.js[22m@[1m0.13.3[22m[2m[22m
87 error [2mnode_modules/zone.js[22m
87 error   [1mzone.js[22m@"[1m~0.13.0[22m" from the root project
87 error
87 error Could not resolve dependency:
87 error [35mpeer[39m [1mzone.js[22m@"[1m^0.10.2 || ^0.11.0[22m" from [1m@opentelemetry/context-zone-peer-dep[22m@[1m1.9.0[22m[2m[22m
87 error [2mnode_modules/@opentelemetry/context-zone-peer-dep[22m
87 error   [1m@opentelemetry/context-zone-peer-dep[22m@"[1m1.9.0[22m" from the root project
87 error
87 error Fix the upstream dependency conflict, or retry
87 error this command with --force or --legacy-peer-deps
87 error to accept an incorrect (and potentially broken) dependency resolution.
88 error
88 error
88 error For a full report see:
88 error /home/harshgotu2004/.npm/_logs/2025-12-09T09_30_30_815Z-eresolve-report.txt
89 verbose exit 1
90 timing npm Completed in 6303ms
91 verbose unfinished npm timer reify 1765272630883
92 verbose unfinished npm timer reify:loadTrees 1765272630885
93 verbose unfinished npm timer idealTree:buildDeps 1765272630917
94 verbose unfinished npm timer idealTree:#root 1765272630917
95 verbose code 1
96 error A complete log of this run can be found in:
96 error     /home/harshgotu2004/.npm/_logs/2025-12-09T09_30_30_815Z-debug-0.log
